Start at Friday, August 29, 2008    11:26:51
=========================================

Registration Info : 

Windows Version:
Microsoft Windows XP Professional Service Pack 2 (Build 2600)

Module Info:
Company: fCoder Group, Inc.
Product Name: ImageConverter Plus
Product Version: 7.1.20.80708

CPU Info:
Vendor: AuthenticAMD
Vendor ID: Advanced Micro Devices
Extended Processor Name: AMD Athlon(tm) XP 2600+
Procesor Clock Frequecy: 1955
Logical processors per physical: 0
Stepping code: 0
MMX support: yes
MMX+ support: yes
SSE support: yes
SSE2 support: no
3DNow suppor: yes
3DNow+ suppor: yes
AI64 support: no
Hyperthreading support: no
L1 cache size: 128
L2 cache size: 512
L3 cache size: -1

Monitor info:
Color depth: 32 Bits per pixel.
Pixel Width: 1024
Pixel Height: 768
Refresh frequency: 75 Hz

Internet Explorer Version: 6.0
Build Number: 2900

Printers list: 
PDF995
Microsoft Office Document Image Writer
hp LaserJet 1300 PCL 6
EPSON Stylus C92 Series
Adobe PDF

Default printer: 
EPSON Stylus C92 Series


Script settings:

Operations:

Format properties:
    Extension: bmp
    bits per pixel : 24
    rows direction : bottom_top
    quantization levels : 8
    dithering : no

Save properties:
    Destination path: H:\Osteoporosis\3036406
    convert with subfolders : yes
    restore subfolder structure in target folder : yes
    open target folder after conversion : yes
    create log file in target folder : yes

Target file name properties:
    Name template: {Title}.{Type}
    what to do, if file exists : auto_rename
    delete source images : no

Processing files...

=====================================================================

File 1 of 1

RAM free    :     537.0 of    1023.5 Mb
Virtual free:    1986.2 of    2047.9 Mb
Target free disk space :    3617.1 of    3812.1 Mb
Temp free disk space   :   39114.7 of   54446.8 Mb

Src info : H:\Osteoporosis\3036406\3036468.dcm
dcm, 1376x1716px, 15bpp, 1 page(s), 7.234701x7.234701 dpi, 4723582 bytes
Load all pages :  ok

Save :  ok

Dest info : H:\Osteoporosis\3036406\3036468.bmp
bmp, 1376x1716px, 24bpp, 1 page(s), 7.239000x7.239000 dpi, 7083702 bytes

Complete at Friday, August 29, 2008    11:27:09
=========================================
